Build started 2/2/2016 3:16:36 PM.
     1>Project "C:\Users\Natasha Finnegan\Documents\Visual Studio 2015\Projects\SSE636\Project1\Project1\Project1.vcxproj" on node 2 (Build target(s)).
     1>ClCompile:
         C:\Program Files (x86)\Microsoft Visual Studio 14.0\VC\bin\CL.exe /c /ZI /nologo /W3 /WX- /sdl /Od /Oy- /D WIN32 /D _DEBUG /D _CONSOLE /D _UNICODE /D UNICODE /Gm /EHsc /RTC1 /MDd /GS /fp:precise /Zc:wchar_t /Zc:forScope /Zc:inline /Yc"stdafx.h" /Fp"Debug\Project1.pch" /Fo"Debug\\" /Fd"Debug\vc140.pdb" /Gd /TP /analyze- /errorReport:prompt GAWordMaker.cpp
         GAWordMaker.cpp
     1>c:\users\natasha finnegan\documents\visual studio 2015\projects\sse636\project1\project1\gawordmaker.cpp(47): warning C4018: '<': signed/unsigned mismatch
     1>c:\users\natasha finnegan\documents\visual studio 2015\projects\sse636\project1\project1\gawordmaker.cpp(74): warning C4018: '<': signed/unsigned mismatch
     1>c:\users\natasha finnegan\documents\visual studio 2015\projects\sse636\project1\project1\gawordmaker.cpp(72): warning C4101: 'parent1': unreferenced local variable
     1>c:\users\natasha finnegan\documents\visual studio 2015\projects\sse636\project1\project1\gawordmaker.cpp(72): warning C4101: 'parent2': unreferenced local variable
     1>c:\users\natasha finnegan\documents\visual studio 2015\projects\sse636\project1\project1\gawordmaker.cpp(107): warning C4244: 'initializing': conversion from 'float' to 'int', possible loss of data
     1>c:\users\natasha finnegan\documents\visual studio 2015\projects\sse636\project1\project1\gawordmaker.cpp(113): warning C4018: '<': signed/unsigned mismatch
     1>c:\users\natasha finnegan\documents\visual studio 2015\projects\sse636\project1\project1\gawordmaker.cpp(149): warning C4018: '<': signed/unsigned mismatch
     1>c:\users\natasha finnegan\documents\visual studio 2015\projects\sse636\project1\project1\gawordmaker.cpp(147): warning C4101: 'parent1': unreferenced local variable
     1>c:\users\natasha finnegan\documents\visual studio 2015\projects\sse636\project1\project1\gawordmaker.cpp(147): warning C4101: 'parent2': unreferenced local variable
         C:\Program Files (x86)\Microsoft Visual Studio 14.0\VC\bin\CL.exe /c /ZI /nologo /W3 /WX- /sdl /Od /Oy- /D WIN32 /D _DEBUG /D _CONSOLE /D _UNICODE /D UNICODE /Gm /EHsc /RTC1 /MDd /GS /fp:precise /Zc:wchar_t /Zc:forScope /Zc:inline /Yu"stdafx.h" /Fp"Debug\Project1.pch" /Fo"Debug\\" /Fd"Debug\vc140.pdb" /Gd /TP /analyze- /errorReport:prompt Client.cpp
         Client.cpp
       Link:
         C:\Program Files (x86)\Microsoft Visual Studio 14.0\VC\bin\link.exe /ERRORREPORT:PROMPT /OUT:"C:\Users\Natasha Finnegan\Documents\Visual Studio 2015\Projects\SSE636\Project1\Debug\Project1.exe" /INCREMENTAL /NOLOGO kernel32.lib user32.lib gdi32.lib winspool.lib comdlg32.lib advapi32.lib shell32.lib ole32.lib oleaut32.lib uuid.lib odbc32.lib odbccp32.lib /MANIFEST /MANIFESTUAC:"level='asInvoker' uiAccess='false'" /manifest:embed /Debug /PDB:"C:\Users\Natasha Finnegan\Documents\Visual Studio 2015\Projects\SSE636\Project1\Debug\Project1.pdb" /SUBSYSTEM:CONSOLE /TLBID:1 /DYNAMICBASE /NXCOMPAT /IMPLIB:"C:\Users\Natasha Finnegan\Documents\Visual Studio 2015\Projects\SSE636\Project1\Debug\Project1.lib" /MACHINE:X86 Debug\Client.obj
         Debug\GAWordMaker.obj
         Project1.vcxproj -> C:\Users\Natasha Finnegan\Documents\Visual Studio 2015\Projects\SSE636\Project1\Debug\Project1.exe
     1>Done Building Project "C:\Users\Natasha Finnegan\Documents\Visual Studio 2015\Projects\SSE636\Project1\Project1\Project1.vcxproj" (Build target(s)).

Build succeeded.

Time Elapsed 00:00:01.25
